[2016.11.14 20:34:11] (Coverage): Error during class instrumentation: org.springframework.aop.aspectj.AspectJExpressionPointcut
java.lang.NullPointerException
	at com.intellij.rt.coverage.instrumentation.Instrumentator$MyClassWriter.typeInfo(Instrumentator.java:358)
	at com.intellij.rt.coverage.instrumentation.Instrumentator$MyClassWriter.getCommonSuperClass(Instrumentator.java:280)
	at org.jetbrains.org.objectweb.asm.ClassWriter.getMergedType(ClassWriter.java:1654)
	at org.jetbrains.org.objectweb.asm.Frame.merge(Frame.java:1426)
	at org.jetbrains.org.objectweb.asm.Frame.merge(Frame.java:1325)
	at org.jetbrains.org.objectweb.asm.MethodWriter.visitMaxs(MethodWriter.java:1475)
	at org.jetbrains.org.objectweb.asm.MethodVisitor.visitMaxs(MethodVisitor.java:866)
	at com.intellij.rt.coverage.instrumentation.SamplingInstrumenter$1.visitMaxs(SamplingInstrumenter.java:78)
	at org.jetbrains.org.objectweb.asm.ClassReader.readCode(ClassReader.java:1554)
	at org.jetbrains.org.objectweb.asm.ClassReader.readMethod(ClassReader.java:1017)
	at org.jetbrains.org.objectweb.asm.ClassReader.accept(ClassReader.java:693)
	at org.jetbrains.org.objectweb.asm.ClassReader.accept(ClassReader.java:506)
	at com.intellij.rt.coverage.instrumentation.Instrumentator.instrument(Instrumentator.java:177)
	at com.intellij.rt.coverage.instrumentation.Instrumentator.access$000(Instrumentator.java:25)
	at com.intellij.rt.coverage.instrumentation.Instrumentator$1.transform(Instrumentator.java:134)
	at sun.instrument.TransformerManager.transform(TransformerManager.java:188)
	at sun.instrument.InstrumentationImpl.transform(InstrumentationImpl.java:428)
	at java.lang.ClassLoader.defineClass1(Native Method)
	at java.lang.ClassLoader.defineClass(ClassLoader.java:760)
	at java.security.SecureClassLoader.defineClass(SecureClassLoader.java:142)
	at java.net.URLClassLoader.defineClass(URLClassLoader.java:467)
	at java.net.URLClassLoader.access$100(URLClassLoader.java:73)
	at java.net.URLClassLoader$1.run(URLClassLoader.java:368)
	at java.net.URLClassLoader$1.run(URLClassLoader.java:362)
	at java.security.AccessController.doPrivileged(Native Method)
	at java.net.URLClassLoader.findClass(URLClassLoader.java:361)
	at java.lang.ClassLoader.loadClass(ClassLoader.java:424)
	at sun.misc.Launcher$AppClassLoader.loadClass(Launcher.java:331)
	at java.lang.ClassLoader.loadClass(ClassLoader.java:357)
	at org.springframework.aop.config.ConfigBeanDefinitionParser.createPointcutDefinition(ConfigBeanDefinitionParser.java:505)
	at org.springframework.aop.config.ConfigBeanDefinitionParser.parsePointcutProperty(ConfigBeanDefinitionParser.java:479)
	at org.springframework.aop.config.ConfigBeanDefinitionParser.parseAdvisor(ConfigBeanDefinitionParser.java:153)
	at org.springframework.aop.config.ConfigBeanDefinitionParser.parse(ConfigBeanDefinitionParser.java:113)
	at org.springframework.beans.factory.xml.NamespaceHandlerSupport.parse(NamespaceHandlerSupport.java:74)
	at org.springframework.beans.factory.xml.BeanDefinitionParserDelegate.parseCustomElement(BeanDefinitionParserDelegate.java:1424)
	at org.springframework.beans.factory.xml.BeanDefinitionParserDelegate.parseCustomElement(BeanDefinitionParserDelegate.java:1414)
	at org.springframework.beans.factory.xml.DefaultBeanDefinitionDocumentReader.parseBeanDefinitions(DefaultBeanDefinitionDocumentReader.java:187)
	at org.springframework.beans.factory.xml.DefaultBeanDefinitionDocumentReader.doRegisterBeanDefinitions(DefaultBeanDefinitionDocumentReader.java:141)
	at org.springframework.beans.factory.xml.DefaultBeanDefinitionDocumentReader.registerBeanDefinitions(DefaultBeanDefinitionDocumentReader.java:110)
	at org.springframework.beans.factory.xml.XmlBeanDefinitionReader.registerBeanDefinitions(XmlBeanDefinitionReader.java:508)
	at org.springframework.beans.factory.xml.XmlBeanDefinitionReader.doLoadBeanDefinitions(XmlBeanDefinitionReader.java:391)
	at org.springframework.beans.factory.xml.XmlBeanDefinitionReader.loadBeanDefinitions(XmlBeanDefinitionReader.java:335)
	at org.springframework.beans.factory.xml.XmlBeanDefinitionReader.loadBeanDefinitions(XmlBeanDefinitionReader.java:303)
	at org.springframework.beans.factory.support.AbstractBeanDefinitionReader.loadBeanDefinitions(AbstractBeanDefinitionReader.java:180)
	at org.springframework.beans.factory.support.AbstractBeanDefinitionReader.loadBeanDefinitions(AbstractBeanDefinitionReader.java:216)
	at org.springframework.beans.factory.support.AbstractBeanDefinitionReader.loadBeanDefinitions(AbstractBeanDefinitionReader.java:187)
	at org.springframework.beans.factory.support.AbstractBeanDefinitionReader.loadBeanDefinitions(AbstractBeanDefinitionReader.java:251)
	at org.springframework.context.support.AbstractXmlApplicationContext.loadBeanDefinitions(AbstractXmlApplicationContext.java:127)
	at org.springframework.context.support.AbstractXmlApplicationContext.loadBeanDefinitions(AbstractXmlApplicationContext.java:93)
	at org.springframework.context.support.AbstractRefreshableApplicationContext.refreshBeanFactory(AbstractRefreshableApplicationContext.java:129)
	at org.springframework.context.support.AbstractApplicationContext.obtainFreshBeanFactory(AbstractApplicationContext.java:540)
	at org.springframework.context.support.AbstractApplicationContext.refresh(AbstractApplicationContext.java:454)
	at org.springframework.context.support.ClassPathXmlApplicationContext.<init>(ClassPathXmlApplicationContext.java:139)
	at org.springframework.context.support.ClassPathXmlApplicationContext.<init>(ClassPathXmlApplicationContext.java:83)
	at TestDeptDao.setUpBeforeClass(TestDeptDao.java:18)
	at sun.reflect.NativeMethodAccessorImpl.invoke0(Native Method)
	at sun.reflect.NativeMethodAccessorImpl.invoke(NativeMethodAccessorImpl.java:62)
	at sun.reflect.DelegatingMethodAccessorImpl.invoke(DelegatingMethodAccessorImpl.java:43)
	at java.lang.reflect.Method.invoke(Method.java:497)
	at org.junit.runners.model.FrameworkMethod$1.runReflectiveCall(FrameworkMethod.java:47)
	at org.junit.internal.runners.model.ReflectiveCallable.run(ReflectiveCallable.java:12)
	at org.junit.runners.model.FrameworkMethod.invokeExplosively(FrameworkMethod.java:44)
	at org.junit.internal.runners.statements.RunBefores.evaluate(RunBefores.java:24)
	at org.junit.internal.runners.statements.RunAfters.evaluate(RunAfters.java:27)
	at org.junit.runners.ParentRunner.run(ParentRunner.java:309)
	at org.junit.runner.JUnitCore.run(JUnitCore.java:160)
	at com.intellij.junit4.JUnit4IdeaTestRunner.startRunnerWithArgs(JUnit4IdeaTestRunner.java:74)
	at com.intellij.rt.execution.junit.JUnitStarter.prepareStreamsAndStart(JUnitStarter.java:211)
	at com.intellij.rt.execution.junit.JUnitStarter.main(JUnitStarter.java:67)
	at sun.reflect.NativeMethodAccessorImpl.invoke0(Native Method)
	at sun.reflect.NativeMethodAccessorImpl.invoke(NativeMethodAccessorImpl.java:62)
	at sun.reflect.DelegatingMethodAccessorImpl.invoke(DelegatingMethodAccessorImpl.java:43)
	at java.lang.reflect.Method.invoke(Method.java:497)
	at com.intellij.rt.execution.application.AppMain.main(AppMain.java:134)
